[2026-05-21T00:35:17.622Z] {"timestamp":1779323713797,"level":"DEBUG","args":["[Manus] Debug collector initialized (no rrweb, UI events only)"],"stack":null}
[2026-05-21T00:35:17.622Z] {"timestamp":1779323713803,"level":"DEBUG","args":["[vite] connected."],"stack":null}
[2026-05-21T00:35:18.506Z] {"timestamp":1779323717684,"level":"INFO","args":["%cDownload the React DevTools for a better development experience: https://react.dev/link/react-devtools","font-weight:bold"],"stack":null}
[2026-05-21T00:35:19.727Z] {"timestamp":1779323717710,"level":"DEBUG","args":["[Manus] Debug collector initialized (no rrweb, UI events only)"],"stack":null}
[2026-05-21T00:35:19.727Z] {"timestamp":1779323717716,"level":"DEBUG","args":["[vite] connected."],"stack":null}
[2026-05-21T00:35:19.727Z] {"timestamp":1779323717802,"level":"INFO","args":["%cDownload the React DevTools for a better development experience: https://react.dev/link/react-devtools","font-weight:bold"],"stack":null}
[2026-05-21T00:35:39.526Z] {"timestamp":1779323737514,"level":"DEBUG","args":["[Manus] Debug collector initialized (no rrweb, UI events only)"],"stack":null}
[2026-05-21T00:35:39.526Z] {"timestamp":1779323737522,"level":"DEBUG","args":["[vite] connected."],"stack":null}
[2026-05-21T00:35:39.526Z] {"timestamp":1779323737616,"level":"INFO","args":["%cDownload the React DevTools for a better development experience: https://react.dev/link/react-devtools","font-weight:bold"],"stack":null}
[2026-05-21T00:37:17.049Z] {"timestamp":1779323835038,"level":"DEBUG","args":["[Manus] Debug collector initialized (no rrweb, UI events only)"],"stack":null}
[2026-05-21T00:37:17.049Z] {"timestamp":1779323835045,"level":"DEBUG","args":["[vite] connected."],"stack":null}
[2026-05-21T00:37:17.049Z] {"timestamp":1779323835139,"level":"INFO","args":["%cDownload the React DevTools for a better development experience: https://react.dev/link/react-devtools","font-weight:bold"],"stack":null}
[2026-05-21T00:53:11.516Z] {"timestamp":1779324751275,"level":"LOG","args":["[vite] server connection lost. Polling for restart..."],"stack":null}
[2026-05-21T00:56:49.201Z] {"timestamp":1779325007189,"level":"DEBUG","args":["[Manus] Debug collector initialized (no rrweb, UI events only)"],"stack":null}
[2026-05-21T00:56:49.201Z] {"timestamp":1779325007285,"level":"DEBUG","args":["[vite] connected."],"stack":null}
[2026-05-21T00:56:49.201Z] {"timestamp":1779325007521,"level":"INFO","args":["%cDownload the React DevTools for a better development experience: https://react.dev/link/react-devtools","font-weight:bold"],"stack":null}
[2026-05-21T00:57:05.014Z] {"timestamp":1779325023594,"level":"DEBUG","args":["[Manus] Debug collector initialized (no rrweb, UI events only)"],"stack":null}
[2026-05-21T00:57:05.014Z] {"timestamp":1779325023598,"level":"DEBUG","args":["[vite] connected."],"stack":null}
[2026-05-21T00:57:05.014Z] {"timestamp":1779325023663,"level":"INFO","args":["%cDownload the React DevTools for a better development experience: https://react.dev/link/react-devtools","font-weight:bold"],"stack":null}
[2026-05-21T00:57:07.061Z] {"timestamp":1779325025054,"level":"DEBUG","args":["[Manus] Debug collector initialized (no rrweb, UI events only)"],"stack":null}
[2026-05-21T00:57:07.061Z] {"timestamp":1779325025068,"level":"DEBUG","args":["[vite] connected."],"stack":null}
[2026-05-21T00:57:07.061Z] {"timestamp":1779325025077,"level":"INFO","args":["%cDownload the React DevTools for a better development experience: https://react.dev/link/react-devtools","font-weight:bold"],"stack":null}
[2026-05-21T01:20:33.564Z] {"timestamp":1779326422990,"level":"DEBUG","args":["[vite]","hot updated: /src/index.css"],"stack":null}
[2026-05-21T01:20:33.564Z] {"timestamp":1779326422990,"level":"DEBUG","args":["[vite]","hot updated: /src/components/TechnicalSupportModal.tsx"],"stack":null}
[2026-05-21T01:20:33.564Z] {"timestamp":1779326425573,"level":"DEBUG","args":["[vite]","hot updated: /src/index.css"],"stack":null}
[2026-05-21T01:20:33.564Z] {"timestamp":1779326425574,"level":"DEBUG","args":["[vite]","hot updated: /src/components/TechnicalSupportModal.tsx"],"stack":null}
[2026-05-21T01:20:38.604Z] {"timestamp":1779326436587,"level":"DEBUG","args":["[Manus] Debug collector initialized (no rrweb, UI events only)"],"stack":null}
[2026-05-21T01:20:38.604Z] {"timestamp":1779326436593,"level":"DEBUG","args":["[vite] connected."],"stack":null}
[2026-05-21T01:20:38.604Z] {"timestamp":1779326436635,"level":"INFO","args":["%cDownload the React DevTools for a better development experience: https://react.dev/link/react-devtools","font-weight:bold"],"stack":null}
[2026-05-21T01:21:11.506Z] {"timestamp":1779326422992,"level":"DEBUG","args":["[vite]","hot updated: /src/index.css"],"stack":null}
[2026-05-21T01:21:11.506Z] {"timestamp":1779326422992,"level":"DEBUG","args":["[vite]","hot updated: /src/components/TechnicalSupportModal.tsx"],"stack":null}
[2026-05-21T01:21:11.506Z] {"timestamp":1779326425574,"level":"DEBUG","args":["[vite]","hot updated: /src/index.css"],"stack":null}
[2026-05-21T01:21:11.506Z] {"timestamp":1779326425574,"level":"DEBUG","args":["[vite]","hot updated: /src/components/TechnicalSupportModal.tsx"],"stack":null}
[2026-05-21T01:22:55.374Z] {"timestamp":1779326564456,"level":"DEBUG","args":["[vite]","hot updated: /src/index.css"],"stack":null}
[2026-05-21T01:22:55.374Z] {"timestamp":1779326564456,"level":"DEBUG","args":["[vite]","hot updated: /src/components/TechnicalSupportModal.tsx"],"stack":null}
[2026-05-21T01:22:55.374Z] {"timestamp":1779326573019,"level":"DEBUG","args":["[vite]","hot updated: /src/index.css"],"stack":null}
[2026-05-21T01:22:55.374Z] {"timestamp":1779326573019,"level":"DEBUG","args":["[vite]","hot updated: /src/components/TechnicalSupportModal.tsx"],"stack":null}
[2026-05-21T01:22:59.170Z] {"timestamp":1779326577153,"level":"DEBUG","args":["[Manus] Debug collector initialized (no rrweb, UI events only)"],"stack":null}
[2026-05-21T01:22:59.170Z] {"timestamp":1779326577158,"level":"DEBUG","args":["[vite] connected."],"stack":null}
[2026-05-21T01:22:59.170Z] {"timestamp":1779326577207,"level":"INFO","args":["%cDownload the React DevTools for a better development experience: https://react.dev/link/react-devtools","font-weight:bold"],"stack":null}
[2026-05-21T01:23:11.505Z] {"timestamp":1779326564459,"level":"DEBUG","args":["[vite]","hot updated: /src/index.css"],"stack":null}
[2026-05-21T01:23:11.505Z] {"timestamp":1779326564459,"level":"DEBUG","args":["[vite]","hot updated: /src/components/TechnicalSupportModal.tsx"],"stack":null}
[2026-05-21T01:23:11.505Z] {"timestamp":1779326573018,"level":"DEBUG","args":["[vite]","hot updated: /src/index.css"],"stack":null}
[2026-05-21T01:23:11.505Z] {"timestamp":1779326573019,"level":"DEBUG","args":["[vite]","hot updated: /src/components/TechnicalSupportModal.tsx"],"stack":null}
[2026-05-21T01:25:01.442Z] {"timestamp":1779326647989,"level":"LOG","args":["[vite] server connection lost. Polling for restart..."],"stack":null}
[2026-05-21T01:25:03.853Z] {"timestamp":1779326701838,"level":"DEBUG","args":["[Manus] Debug collector initialized (no rrweb, UI events only)"],"stack":null}
[2026-05-21T01:25:03.853Z] {"timestamp":1779326701848,"level":"DEBUG","args":["[vite] connected."],"stack":null}
[2026-05-21T01:25:03.853Z] {"timestamp":1779326702317,"level":"INFO","args":["%cDownload the React DevTools for a better development experience: https://react.dev/link/react-devtools","font-weight:bold"],"stack":null}
[2026-05-21T01:25:11.515Z] {"timestamp":1779326647989,"level":"LOG","args":["[vite] server connection lost. Polling for restart..."],"stack":null}
[2026-05-21T01:30:33.894Z] {"timestamp":1779327019301,"level":"DEBUG","args":["[vite]","hot updated: /src/index.css"],"stack":null}
[2026-05-21T01:30:33.894Z] {"timestamp":1779327019301,"level":"DEBUG","args":["[vite]","hot updated: /src/components/TechnicalSupportModal.tsx"],"stack":null}
[2026-05-21T01:30:33.894Z] {"timestamp":1779327020724,"level":"DEBUG","args":["[vite]","hot updated: /src/index.css"],"stack":null}
[2026-05-21T01:30:33.894Z] {"timestamp":1779327020724,"level":"DEBUG","args":["[vite]","hot updated: /src/components/TechnicalSupportModal.tsx"],"stack":null}
[2026-05-21T01:31:01.848Z] {"timestamp":1779327059985,"level":"LOG","args":["Resposta da API:",{"error":{"message":"[\n  {\n    \"origin\": \"string\",\n    \"code\": \"too_small\",\n    \"minimum\": 10,\n    \"inclusive\": true,\n    \"path\": [\n      \"description\"\n    ],\n    \"message\": \"Descrição deve ter pelo menos 10 caracteres\"\n  }\n]","code":-32600,"data":{"code":"BAD_REQUEST","httpStatus":400,"stack":"TRPCError: [\n  {\n    \"origin\": \"string\",\n    \"code\": \"too_small\",\n    \"minimum\": 10,\n    \"inclusive\": true,\n    \"path\": [\n      \"description\"\n    ],\n    \"message\": \"Descrição deve ter pelo menos 10 caracteres\"\n  }\n]\n    at inputValidatorMiddleware (C:\\Users\\luanb\\Downloads\\LEBTECH-main (1)\\LEBTECH-main\\node_modules\\@trpc\\server\\src\\unstable-core-do-not-import\\middleware.ts:195:15)\n    at process.processTicksAndRejections (node:internal/process/task_queues:104:5)\n    at async callRecursive (C:\\Users\\luanb\\Downloads\\LEBTECH-main (1)\\LEBTECH-main\\node_modules\\@trpc\\server\\src\\unstable-core-do-not-import\\procedureBuilder.ts:642:20)\n    at async procedure (C:\\Users\\luanb\\Downloads\\LEBTECH-main (1)\\LEBTECH-main\\node_modules\\@trpc\\server\\src\\unstable-core-do-not-import\\procedureBuilder.ts:682:20)\n    at async <anonymous> (C:\\Users\\luanb\\Downloads\\LEBTECH-main (1)\\LEBTECH-main\\node_modules\\@trpc\\server\\src\\unstable-core-do-not-import\\http\\resolveResponse.ts:375:31)\n    at async resolveResponse...[truncated]","path":"technical.create"}}}],"stack":null}
[2026-05-21T01:31:50.510Z] {"timestamp":1779327110176,"level":"DEBUG","args":["[vite]","hot updated: /src/index.css"],"stack":null}
[2026-05-21T01:31:50.510Z] {"timestamp":1779327110177,"level":"DEBUG","args":["[vite]","hot updated: /src/components/TechnicalSupportModal.tsx"],"stack":null}
[2026-05-21T01:32:09.857Z] {"timestamp":1779327128503,"level":"LOG","args":["Resposta da API:","{\"error\":{\"message\":\"[\\n  {\\n    \\\"expected\\\": \\\"string\\\",\\n    \\\"code\\\": \\\"invalid_type\\\",\\n    \\\"path\\\": [\\n      \\\"name\\\"\\n    ],\\n    \\\"message\\\": \\\"Invalid input: expected string, received undefined\\\"\\n  },\\n  {\\n    \\\"expected\\\": \\\"string\\\",\\n    \\\"code\\\": \\\"invalid_type\\\",\\n    \\\"path\\\": [\\n      \\\"email\\\"\\n    ],\\n    \\\"message\\\": \\\"Invalid input: expected string, received undefined\\\"\\n  },\\n  {\\n    \\\"expected\\\": \\\"string\\\",\\n    \\\"code\\\": \\\"invalid_type\\\",\\n    \\\"path\\\": [\\n      \\\"phone\\\"\\n    ],\\n    \\\"message\\\": \\\"Invalid input: expected string, received undefined\\\"\\n  },\\n  {\\n    \\\"expected\\\": \\\"string\\\",\\n    \\\"code\\\": \\\"invalid_type\\\",\\n    \\\"path\\\": [\\n      \\\"company\\\"\\n    ],\\n    \\\"message\\\": \\\"Invalid input: expected string, received undefined\\\"\\n  },\\n  {\\n    \\\"expected\\\": \\\"string\\\",\\n    \\\"code\\\": \\\"invalid_type\\\",\\n    \\\"path\\\": [\\n      \\\"problemType\\\"\\n    ],\\n    \\\"message\\\": \\\"Invalid input: expected string, received undefined\\\"\\n  },\\n  {\\n    \\\"expected\\\": \\\"string\\\",\\n    \\\"code\\\": \\\"invalid_type\\\",\\n    \\\"path\\\": [\\n      \\\"urgency\\\"\\n    ],\\n    \\\"message\\\": \\\"Invalid input: expected string, received undefined\\\"\\n  },\\n  {\\n    \\\"expected\\\": \\\"string\\\",\\n    \\\"code\\\": \\\"invalid_type\\\",\\n    \\\"path\\\": [\\n      \\\"description\\\"\\n    ],\\n    \\\"message\\\": \\\"Invalid input: expected string, received undefined\\\"\\n  }\\n]\",\"code\":-32600,\"data\":{\"code\":\"BAD_REQUEST\",\"httpStatus\":400,\"stack\":\"TRPCError: [\\n  {\\n    \\\"expected\\\": \\\"string\\\",\\n    \\\"code\\\": \\\"invalid_type\\\",\\n    \\\"path\\\": [\\n      \\\"name\\\"\\n    ],\\n    \\\"message\\\": \\\"Invalid input: expected string, received undefined\\\"\\n  },\\n  {\\n    \\\"expected\\\": \\\"string\\\",\\n    \\\"code\\\": \\\"invalid_type\\\",\\n    \\\"path\\\": [\\n      \\\"email\\\"\\n    ],\\n    \\\"message\\\": \\\"Invalid input: expected string, received undefined\\\"\\n  },\\n  {\\n    \\\"expected\\\": \\\"string\\\",\\n    \\\"code\\\": \\\"invalid_type\\\",\\n    \\\"path\\\": [\\n      \\\"phone\\\"\\n    ],\\n    \\\"message\\\": \\\"Invalid input: expected string, received undefined\\\"\\n  },\\n  {\\n    \\\"expected\\\": \\\"string\\\",\\n    \\\"code\\\": \\\"invalid_type\\\",\\n    \\\"path\\\": [\\n      \\\"company\\\"\\n    ],\\n    \\\"message\\\": \\\"Invalid input: expected string, received undefined\\\"\\n  },\\n  {\\n    \\\"expected\\\": \\\"string\\\",\\n    \\\"code\\\": \\\"invalid_type\\\",\\n    \\\"path\\\": [\\n      \\\"problemType\\\"\\n    ],\\n    \\\"message\\\": \\\"Invalid input: expected string, received undefined\\\"\\n  },\\n  {\\n    \\\"expected\\\": \\\"string\\\",\\n    \\\"code\\\": \\\"invalid_type\\\",\\n    \\\"path\\\": [\\n      \\\"urgency\\\"\\n    ],\\n    \\\"message\\\": \\\"Invalid input: expected string, received undefined\\\"\\n  },\\n  {\\n    \\\"expected\\\": \\\"string\\\",\\n    \\\"code\\\": \\\"invalid_type\\\",\\n    \\\"path\\\": [\\n      \\\"description\\\"\\n    ],\\n    \\\"message\\\": \\\"Invalid input: expected string, received undefined\\\"\\n  }\\n]\\n    at inputValidatorMiddleware (C:\\\\Users\\\\luanb\\\\Downloads\\\\LEBTECH-main (1)\\\\LEBTECH-main\\\\node_modules\\\\@trpc\\\\server\\\\src\\\\unstable-core-do-not-import\\\\middleware.ts:195:15)\\n    at process.processTicksAndRejections (node:internal/process/task_queues:104:5)\\n    at async callRecursive (C:\\\\Users\\\\luanb\\\\Downloads\\\\LEBTECH-main (1)\\\\LEBTECH-main\\\\node_modules\\\\@trpc\\\\server\\\\src\\\\unstable-core-do-not-import\\\\procedureBuilder.ts:642:20)\\n    at async procedure (C:\\\\Users\\\\luanb\\\\Downloads\\\\LEBTECH-main (1)\\\\LEBTECH-main\\\\node_modules\\\\@trpc\\\\server\\\\src\\\\unstable-core-do-not-import\\\\procedureBuilder.ts:682:20)\\n    at async <anonymous> (C:\\\\Users\\\\luanb\\\\Downloads\\\\LEBTECH-main (1)\\\\LEBTECH-main\\\\node_modules\\\\@trpc\\\\server\\\\src\\\\unstable-core-do-not-import\\\\http\\\\resolveResponse.ts:375:31)\\n    at async resolveResponse (C:\\\\Users\\\\luanb\\\\Downloads\\\\LEBTECH-main (1)\\\\LEBTECH-main\\\\node_modules\\\\@trpc\\\\server\\\\src\\\\unstable-core-do-not-import\\\\http\\\\resolveResponse.ts:413:31)\\n    at async <anonymous> (C:\\\\Users\\\\luanb\\\\Downloads\\\\LEBTECH-main (1)\\\\LEBTECH-main\\\\node_modules\\\\@trpc\\\\server\\\\src\\\\adapters\\\\node-http\\\\nodeHTTPRequestHandler.ts:100:26)\",\"path\":\"technical.create\"}}}"],"stack":null}
[2026-05-21T01:32:37.843Z] {"timestamp":1779327156089,"level":"LOG","args":["Resposta da API:","{\"error\":{\"message\":\"[\\n  {\\n    \\\"expected\\\": \\\"string\\\",\\n    \\\"code\\\": \\\"invalid_type\\\",\\n    \\\"path\\\": [\\n      \\\"name\\\"\\n    ],\\n    \\\"message\\\": \\\"Invalid input: expected string, received undefined\\\"\\n  },\\n  {\\n    \\\"expected\\\": \\\"string\\\",\\n    \\\"code\\\": \\\"invalid_type\\\",\\n    \\\"path\\\": [\\n      \\\"email\\\"\\n    ],\\n    \\\"message\\\": \\\"Invalid input: expected string, received undefined\\\"\\n  },\\n  {\\n    \\\"expected\\\": \\\"string\\\",\\n    \\\"code\\\": \\\"invalid_type\\\",\\n    \\\"path\\\": [\\n      \\\"phone\\\"\\n    ],\\n    \\\"message\\\": \\\"Invalid input: expected string, received undefined\\\"\\n  },\\n  {\\n    \\\"expected\\\": \\\"string\\\",\\n    \\\"code\\\": \\\"invalid_type\\\",\\n    \\\"path\\\": [\\n      \\\"company\\\"\\n    ],\\n    \\\"message\\\": \\\"Invalid input: expected string, received undefined\\\"\\n  },\\n  {\\n    \\\"expected\\\": \\\"string\\\",\\n    \\\"code\\\": \\\"invalid_type\\\",\\n    \\\"path\\\": [\\n      \\\"problemType\\\"\\n    ],\\n    \\\"message\\\": \\\"Invalid input: expected string, received undefined\\\"\\n  },\\n  {\\n    \\\"expected\\\": \\\"string\\\",\\n    \\\"code\\\": \\\"invalid_type\\\",\\n    \\\"path\\\": [\\n      \\\"urgency\\\"\\n    ],\\n    \\\"message\\\": \\\"Invalid input: expected string, received undefined\\\"\\n  },\\n  {\\n    \\\"expected\\\": \\\"string\\\",\\n    \\\"code\\\": \\\"invalid_type\\\",\\n    \\\"path\\\": [\\n      \\\"description\\\"\\n    ],\\n    \\\"message\\\": \\\"Invalid input: expected string, received undefined\\\"\\n  }\\n]\",\"code\":-32600,\"data\":{\"code\":\"BAD_REQUEST\",\"httpStatus\":400,\"stack\":\"TRPCError: [\\n  {\\n    \\\"expected\\\": \\\"string\\\",\\n    \\\"code\\\": \\\"invalid_type\\\",\\n    \\\"path\\\": [\\n      \\\"name\\\"\\n    ],\\n    \\\"message\\\": \\\"Invalid input: expected string, received undefined\\\"\\n  },\\n  {\\n    \\\"expected\\\": \\\"string\\\",\\n    \\\"code\\\": \\\"invalid_type\\\",\\n    \\\"path\\\": [\\n      \\\"email\\\"\\n    ],\\n    \\\"message\\\": \\\"Invalid input: expected string, received undefined\\\"\\n  },\\n  {\\n    \\\"expected\\\": \\\"string\\\",\\n    \\\"code\\\": \\\"invalid_type\\\",\\n    \\\"path\\\": [\\n      \\\"phone\\\"\\n    ],\\n    \\\"message\\\": \\\"Invalid input: expected string, received undefined\\\"\\n  },\\n  {\\n    \\\"expected\\\": \\\"string\\\",\\n    \\\"code\\\": \\\"invalid_type\\\",\\n    \\\"path\\\": [\\n      \\\"company\\\"\\n    ],\\n    \\\"message\\\": \\\"Invalid input: expected string, received undefined\\\"\\n  },\\n  {\\n    \\\"expected\\\": \\\"string\\\",\\n    \\\"code\\\": \\\"invalid_type\\\",\\n    \\\"path\\\": [\\n      \\\"problemType\\\"\\n    ],\\n    \\\"message\\\": \\\"Invalid input: expected string, received undefined\\\"\\n  },\\n  {\\n    \\\"expected\\\": \\\"string\\\",\\n    \\\"code\\\": \\\"invalid_type\\\",\\n    \\\"path\\\": [\\n      \\\"urgency\\\"\\n    ],\\n    \\\"message\\\": \\\"Invalid input: expected string, received undefined\\\"\\n  },\\n  {\\n    \\\"expected\\\": \\\"string\\\",\\n    \\\"code\\\": \\\"invalid_type\\\",\\n    \\\"path\\\": [\\n      \\\"description\\\"\\n    ],\\n    \\\"message\\\": \\\"Invalid input: expected string, received undefined\\\"\\n  }\\n]\\n    at inputValidatorMiddleware (C:\\\\Users\\\\luanb\\\\Downloads\\\\LEBTECH-main (1)\\\\LEBTECH-main\\\\node_modules\\\\@trpc\\\\server\\\\src\\\\unstable-core-do-not-import\\\\middleware.ts:195:15)\\n    at process.processTicksAndRejections (node:internal/process/task_queues:104:5)\\n    at async callRecursive (C:\\\\Users\\\\luanb\\\\Downloads\\\\LEBTECH-main (1)\\\\LEBTECH-main\\\\node_modules\\\\@trpc\\\\server\\\\src\\\\unstable-core-do-not-import\\\\procedureBuilder.ts:642:20)\\n    at async procedure (C:\\\\Users\\\\luanb\\\\Downloads\\\\LEBTECH-main (1)\\\\LEBTECH-main\\\\node_modules\\\\@trpc\\\\server\\\\src\\\\unstable-core-do-not-import\\\\procedureBuilder.ts:682:20)\\n    at async <anonymous> (C:\\\\Users\\\\luanb\\\\Downloads\\\\LEBTECH-main (1)\\\\LEBTECH-main\\\\node_modules\\\\@trpc\\\\server\\\\src\\\\unstable-core-do-not-import\\\\http\\\\resolveResponse.ts:375:31)\\n    at async resolveResponse (C:\\\\Users\\\\luanb\\\\Downloads\\\\LEBTECH-main (1)\\\\LEBTECH-main\\\\node_modules\\\\@trpc\\\\server\\\\src\\\\unstable-core-do-not-import\\\\http\\\\resolveResponse.ts:413:31)\\n    at async <anonymous> (C:\\\\Users\\\\luanb\\\\Downloads\\\\LEBTECH-main (1)\\\\LEBTECH-main\\\\node_modules\\\\@trpc\\\\server\\\\src\\\\adapters\\\\node-http\\\\nodeHTTPRequestHandler.ts:100:26)\",\"path\":\"technical.create\"}}}"],"stack":null}
[2026-05-21T01:39:11.507Z] {"timestamp":1779327550860,"level":"DEBUG","args":["[vite]","hot updated: /src/index.css"],"stack":null}
[2026-05-21T01:39:11.507Z] {"timestamp":1779327550860,"level":"DEBUG","args":["[vite]","hot updated: /src/components/TechnicalSupportModal.tsx"],"stack":null}
[2026-05-21T01:39:36.353Z] {"timestamp":1779327557684,"level":"LOG","args":["[vite] server connection lost. Polling for restart..."],"stack":null}
[2026-05-21T01:39:38.752Z] {"timestamp":1779327576740,"level":"DEBUG","args":["[Manus] Debug collector initialized (no rrweb, UI events only)"],"stack":null}
[2026-05-21T01:39:38.752Z] {"timestamp":1779327576744,"level":"DEBUG","args":["[vite] connected."],"stack":null}
[2026-05-21T01:39:38.752Z] {"timestamp":1779327577214,"level":"INFO","args":["%cDownload the React DevTools for a better development experience: https://react.dev/link/react-devtools","font-weight:bold"],"stack":null}
[2026-05-21T01:43:39.513Z] {"timestamp":1779327815092,"level":"LOG","args":["[vite] server connection lost. Polling for restart..."],"stack":null}
[2026-05-21T01:44:00.138Z] {"timestamp":1779327838125,"level":"DEBUG","args":["[Manus] Debug collector initialized (no rrweb, UI events only)"],"stack":null}
[2026-05-21T01:44:00.138Z] {"timestamp":1779327838135,"level":"DEBUG","args":["[vite] connected."],"stack":null}
[2026-05-21T01:44:00.138Z] {"timestamp":1779327838549,"level":"INFO","args":["%cDownload the React DevTools for a better development experience: https://react.dev/link/react-devtools","font-weight:bold"],"stack":null}
[2026-05-21T01:44:08.139Z] {"timestamp":1779327847998,"level":"LOG","args":["Resposta:",{"success":true,"data":{"id":1,"name":"LUAN EDUARDO BALBINO","email":"luanbalbino@gmail.com","phone":"12988176687","company":"LEBCOMPANY","problemType":"hardware","urgency":"normal","description":"teste","status":"pending","createdAt":"2026-05-20T22:44:07.990Z","updatedAt":"2026-05-20T22:44:07.990Z"}}],"stack":null}
[2026-05-21T02:39:42.641Z] {"timestamp":1779331148585,"level":"LOG","args":["[vite] server connection lost. Polling for restart..."],"stack":null}
[2026-05-21T22:19:29.818Z] {"timestamp":1779401967803,"level":"DEBUG","args":["[Manus] Debug collector initialized (no rrweb, UI events only)"],"stack":null}
[2026-05-21T22:19:29.818Z] {"timestamp":1779401967824,"level":"DEBUG","args":["[vite] connected."],"stack":null}
[2026-05-21T22:19:29.818Z] {"timestamp":1779401968292,"level":"ERROR","args":[{"type":"UncaughtError","message":"Uncaught SyntaxError: The requested module '/src/components/Contact.tsx' does not provide an export named 'default'","filename":"http://localhost:3000/src/pages/Home.tsx","lineno":6,"colno":8,"stack":"SyntaxError: The requested module '/src/components/Contact.tsx' does not provide an export named 'default'"}],"stack":"SyntaxError: The requested module '/src/components/Contact.tsx' does not provide an export named 'default'"}
[2026-05-21T22:19:47.662Z] {"timestamp":1779401986185,"level":"DEBUG","args":["[Manus] Debug collector initialized (no rrweb, UI events only)"],"stack":null}
[2026-05-21T22:19:47.662Z] {"timestamp":1779401986188,"level":"DEBUG","args":["[vite] connected."],"stack":null}
[2026-05-21T22:19:47.662Z] {"timestamp":1779401986205,"level":"ERROR","args":[{"type":"UncaughtError","message":"Uncaught SyntaxError: The requested module '/src/components/Contact.tsx' does not provide an export named 'default'","filename":"http://localhost:3000/src/pages/Home.tsx","lineno":6,"colno":8,"stack":"SyntaxError: The requested module '/src/components/Contact.tsx' does not provide an export named 'default'"}],"stack":"SyntaxError: The requested module '/src/components/Contact.tsx' does not provide an export named 'default'"}
[2026-05-21T22:19:49.146Z] {"timestamp":1779401987697,"level":"DEBUG","args":["[Manus] Debug collector initialized (no rrweb, UI events only)"],"stack":null}
[2026-05-21T22:19:49.146Z] {"timestamp":1779401987710,"level":"DEBUG","args":["[vite] connected."],"stack":null}
[2026-05-21T22:19:49.146Z] {"timestamp":1779401987723,"level":"ERROR","args":[{"type":"UncaughtError","message":"Uncaught SyntaxError: The requested module '/src/components/Contact.tsx' does not provide an export named 'default'","filename":"http://localhost:3000/src/pages/Home.tsx","lineno":6,"colno":8,"stack":"SyntaxError: The requested module '/src/components/Contact.tsx' does not provide an export named 'default'"}],"stack":"SyntaxError: The requested module '/src/components/Contact.tsx' does not provide an export named 'default'"}
[2026-05-21T22:20:00.181Z] {"timestamp":1779401998176,"level":"DEBUG","args":["[Manus] Debug collector initialized (no rrweb, UI events only)"],"stack":null}
[2026-05-21T22:20:00.181Z] {"timestamp":1779401998179,"level":"DEBUG","args":["[vite] connected."],"stack":null}
[2026-05-21T22:20:00.181Z] {"timestamp":1779401998233,"level":"ERROR","args":[{"type":"UncaughtError","message":"Uncaught SyntaxError: The requested module '/src/components/Contact.tsx' does not provide an export named 'default'","filename":"http://localhost:3000/src/pages/Home.tsx","lineno":6,"colno":8,"stack":"SyntaxError: The requested module '/src/components/Contact.tsx' does not provide an export named 'default'"}],"stack":"SyntaxError: The requested module '/src/components/Contact.tsx' does not provide an export named 'default'"}
[2026-05-21T22:20:05.847Z] {"timestamp":1779402003831,"level":"DEBUG","args":["[Manus] Debug collector initialized (no rrweb, UI events only)"],"stack":null}
[2026-05-21T22:20:05.847Z] {"timestamp":1779402003841,"level":"DEBUG","args":["[vite] connected."],"stack":null}
[2026-05-21T22:20:05.847Z] {"timestamp":1779402003979,"level":"ERROR","args":[{"type":"UncaughtError","message":"Uncaught SyntaxError: The requested module '/src/components/Contact.tsx' does not provide an export named 'default'","filename":"http://localhost:3000/src/pages/Home.tsx","lineno":6,"colno":8,"stack":"SyntaxError: The requested module '/src/components/Contact.tsx' does not provide an export named 'default'"}],"stack":"SyntaxError: The requested module '/src/components/Contact.tsx' does not provide an export named 'default'"}
[2026-05-21T22:20:10.030Z] {"timestamp":1779402008019,"level":"DEBUG","args":["[Manus] Debug collector initialized (no rrweb, UI events only)"],"stack":null}
[2026-05-21T22:20:10.030Z] {"timestamp":1779402008026,"level":"DEBUG","args":["[vite] connected."],"stack":null}
[2026-05-21T22:20:10.030Z] {"timestamp":1779402008093,"level":"ERROR","args":[{"type":"UncaughtError","message":"Uncaught SyntaxError: The requested module '/src/components/Contact.tsx' does not provide an export named 'default'","filename":"http://192.168.15.10:3000/src/pages/Home.tsx","lineno":6,"colno":8,"stack":"SyntaxError: The requested module '/src/components/Contact.tsx' does not provide an export named 'default'"}],"stack":"SyntaxError: The requested module '/src/components/Contact.tsx' does not provide an export named 'default'"}
[2026-05-21T22:22:56.623Z] {"timestamp":1779402174606,"level":"DEBUG","args":["[Manus] Debug collector initialized (no rrweb, UI events only)"],"stack":null}
[2026-05-21T22:22:56.623Z] {"timestamp":1779402174616,"level":"DEBUG","args":["[vite] connected."],"stack":null}
[2026-05-21T22:23:06.531Z] {"timestamp":1779402185347,"level":"DEBUG","args":["[Manus] Debug collector initialized (no rrweb, UI events only)"],"stack":null}
[2026-05-21T22:23:06.531Z] {"timestamp":1779402185353,"level":"DEBUG","args":["[vite] connected."],"stack":null}
[2026-05-21T22:23:08.700Z] {"timestamp":1779402186691,"level":"DEBUG","args":["[Manus] Debug collector initialized (no rrweb, UI events only)"],"stack":null}
[2026-05-21T22:23:08.700Z] {"timestamp":1779402186697,"level":"DEBUG","args":["[vite] connected."],"stack":null}
[2026-05-21T22:23:58.581Z] {"timestamp":1779402236503,"level":"DEBUG","args":["[Manus] Debug collector initialized (no rrweb, UI events only)"],"stack":null}
[2026-05-21T22:23:58.581Z] {"timestamp":1779402236514,"level":"DEBUG","args":["[vite] connected."],"stack":null}
[2026-05-21T22:23:58.581Z] {"timestamp":1779402236648,"level":"INFO","args":["%cDownload the React DevTools for a better development experience: https://react.dev/link/react-devtools","font-weight:bold"],"stack":null}
[2026-05-21T22:24:03.994Z] {"timestamp":1779402241981,"level":"DEBUG","args":["[Manus] Debug collector initialized (no rrweb, UI events only)"],"stack":null}
[2026-05-21T22:24:03.994Z] {"timestamp":1779402241990,"level":"DEBUG","args":["[vite] connected."],"stack":null}
[2026-05-21T22:24:03.994Z] {"timestamp":1779402242072,"level":"INFO","args":["%cDownload the React DevTools for a better development experience: https://react.dev/link/react-devtools","font-weight:bold"],"stack":null}
[2026-05-21T22:25:52.697Z] {"timestamp":1779402350584,"level":"LOG","args":["[vite] server connection lost. Polling for restart..."],"stack":null}
[2026-05-21T22:25:52.700Z] {"timestamp":1779402350584,"level":"LOG","args":["[vite] server connection lost. Polling for restart..."],"stack":null}
[2026-05-21T22:25:55.731Z] {"timestamp":1779402353007,"level":"DEBUG","args":["[Manus] Debug collector initialized (no rrweb, UI events only)"],"stack":null}
[2026-05-21T22:25:55.731Z] {"timestamp":1779402353020,"level":"DEBUG","args":["[vite] connected."],"stack":null}
[2026-05-21T22:25:55.731Z] {"timestamp":1779402353502,"level":"INFO","args":["%cDownload the React DevTools for a better development experience: https://react.dev/link/react-devtools","font-weight:bold"],"stack":null}
[2026-05-21T22:25:55.732Z] {"timestamp":1779402353007,"level":"DEBUG","args":["[Manus] Debug collector initialized (no rrweb, UI events only)"],"stack":null}
[2026-05-21T22:25:55.732Z] {"timestamp":1779402353019,"level":"DEBUG","args":["[vite] connected."],"stack":null}
[2026-05-21T22:25:55.732Z] {"timestamp":1779402353501,"level":"INFO","args":["%cDownload the React DevTools for a better development experience: https://react.dev/link/react-devtools","font-weight:bold"],"stack":null}
[2026-05-21T22:26:10.748Z] {"timestamp":1779402368731,"level":"DEBUG","args":["[Manus] Debug collector initialized (no rrweb, UI events only)"],"stack":null}
[2026-05-21T22:26:10.748Z] {"timestamp":1779402368752,"level":"DEBUG","args":["[vite] connected."],"stack":null}
[2026-05-21T22:26:10.748Z] {"timestamp":1779402368795,"level":"INFO","args":["%cDownload the React DevTools for a better development experience: https://react.dev/link/react-devtools","font-weight:bold"],"stack":null}
[2026-05-21T22:46:58.726Z] {"timestamp":1779403599312,"level":"DEBUG","args":["[vite]","hot updated: /src/components/ProjectsModal.tsx"],"stack":null}
[2026-05-21T22:46:58.726Z] {"timestamp":1779403599312,"level":"DEBUG","args":["[vite]","hot updated: /src/index.css"],"stack":null}
[2026-05-21T22:46:58.727Z] {"timestamp":1779403599312,"level":"DEBUG","args":["[vite]","hot updated: /src/components/ProjectsModal.tsx"],"stack":null}
[2026-05-21T22:46:58.727Z] {"timestamp":1779403599312,"level":"DEBUG","args":["[vite]","hot updated: /src/index.css"],"stack":null}
[2026-05-21T22:47:25.517Z] {"timestamp":1779403625908,"level":"DEBUG","args":["[vite]","hot updated: /src/components/ManagementModal.tsx"],"stack":null}
[2026-05-21T22:47:25.517Z] {"timestamp":1779403625908,"level":"DEBUG","args":["[vite]","hot updated: /src/index.css"],"stack":null}
[2026-05-21T22:47:25.517Z] {"timestamp":1779403626119,"level":"DEBUG","args":["[vite]","hot updated: /src/components/ManagementModal.tsx"],"stack":null}
[2026-05-21T22:47:25.517Z] {"timestamp":1779403626119,"level":"DEBUG","args":["[vite]","hot updated: /src/index.css"],"stack":null}
[2026-05-21T22:47:25.517Z] {"timestamp":1779403627352,"level":"DEBUG","args":["[vite]","hot updated: /src/components/ManagementModal.tsx"],"stack":null}
[2026-05-21T22:47:25.517Z] {"timestamp":1779403627352,"level":"DEBUG","args":["[vite]","hot updated: /src/index.css"],"stack":null}
[2026-05-21T22:47:58.734Z] {"timestamp":1779403625910,"level":"DEBUG","args":["[vite]","hot updated: /src/components/ManagementModal.tsx"],"stack":null}
[2026-05-21T22:47:58.734Z] {"timestamp":1779403625910,"level":"DEBUG","args":["[vite]","hot updated: /src/index.css"],"stack":null}
[2026-05-21T22:47:58.734Z] {"timestamp":1779403626118,"level":"DEBUG","args":["[vite]","hot updated: /src/components/ManagementModal.tsx"],"stack":null}
[2026-05-21T22:47:58.734Z] {"timestamp":1779403626118,"level":"DEBUG","args":["[vite]","hot updated: /src/index.css"],"stack":null}
[2026-05-21T22:47:58.734Z] {"timestamp":1779403627351,"level":"DEBUG","args":["[vite]","hot updated: /src/components/ManagementModal.tsx"],"stack":null}
[2026-05-21T22:47:58.734Z] {"timestamp":1779403627351,"level":"DEBUG","args":["[vite]","hot updated: /src/index.css"],"stack":null}
[2026-05-21T22:56:57.121Z] {"timestamp":1779404215118,"level":"DEBUG","args":["[Manus] Debug collector initialized (no rrweb, UI events only)"],"stack":null}
[2026-05-21T22:56:57.121Z] {"timestamp":1779404215125,"level":"DEBUG","args":["[vite] connected."],"stack":null}
[2026-05-21T22:56:57.121Z] {"timestamp":1779404215168,"level":"INFO","args":["%cDownload the React DevTools for a better development experience: https://react.dev/link/react-devtools","font-weight:bold"],"stack":null}
[2026-05-21T22:58:21.802Z] {"timestamp":1779404299624,"level":"LOG","args":["[vite] server connection lost. Polling for restart..."],"stack":null}
[2026-05-21T22:58:23.725Z] {"timestamp":1779404299624,"level":"LOG","args":["[vite] server connection lost. Polling for restart..."],"stack":null}
[2026-05-21T22:58:24.728Z] {"timestamp":1779404302221,"level":"DEBUG","args":["[Manus] Debug collector initialized (no rrweb, UI events only)"],"stack":null}
[2026-05-21T22:58:24.728Z] {"timestamp":1779404302229,"level":"DEBUG","args":["[vite] connected."],"stack":null}
[2026-05-21T22:58:24.728Z] {"timestamp":1779404302668,"level":"INFO","args":["%cDownload the React DevTools for a better development experience: https://react.dev/link/react-devtools","font-weight:bold"],"stack":null}
[2026-05-21T23:09:27.649Z] {"timestamp":1779404965213,"level":"DEBUG","args":["[Manus] Debug collector initialized (no rrweb, UI events only)"],"stack":null}
[2026-05-21T23:09:27.649Z] {"timestamp":1779404965221,"level":"DEBUG","args":["[vite] connected."],"stack":null}
[2026-05-21T23:09:27.649Z] {"timestamp":1779404965263,"level":"INFO","args":["%cDownload the React DevTools for a better development experience: https://react.dev/link/react-devtools","font-weight:bold"],"stack":null}
[2026-05-21T23:20:30.721Z] {"timestamp":1779405629644,"level":"DEBUG","args":["[vite]","hot updated: /src/pages/AdminDashboard.tsx"],"stack":null}
[2026-05-21T23:20:30.721Z] {"timestamp":1779405629644,"level":"DEBUG","args":["[vite]","hot updated: /src/index.css"],"stack":null}
[2026-05-21T23:20:30.721Z] {"timestamp":1779405629890,"level":"DEBUG","args":["[vite]","hot updated: /src/pages/AdminDashboard.tsx"],"stack":null}
[2026-05-21T23:20:30.721Z] {"timestamp":1779405629890,"level":"DEBUG","args":["[vite]","hot updated: /src/index.css"],"stack":null}
[2026-05-21T23:20:30.721Z] {"timestamp":1779405630545,"level":"DEBUG","args":["[vite]","hot updated: /src/pages/AdminDashboard.tsx"],"stack":null}
[2026-05-21T23:20:30.721Z] {"timestamp":1779405630545,"level":"DEBUG","args":["[vite]","hot updated: /src/index.css"],"stack":null}
[2026-05-21T23:20:30.721Z] {"timestamp":1779405630693,"level":"DEBUG","args":["[vite]","hot updated: /src/pages/AdminDashboard.tsx"],"stack":null}
[2026-05-21T23:20:30.721Z] {"timestamp":1779405630693,"level":"DEBUG","args":["[vite]","hot updated: /src/index.css"],"stack":null}
[2026-05-21T23:20:58.723Z] {"timestamp":1779405629642,"level":"DEBUG","args":["[vite]","hot updated: /src/pages/AdminDashboard.tsx"],"stack":null}
[2026-05-21T23:20:58.723Z] {"timestamp":1779405629643,"level":"DEBUG","args":["[vite]","hot updated: /src/index.css"],"stack":null}
[2026-05-21T23:20:58.723Z] {"timestamp":1779405629801,"level":"DEBUG","args":["[vite]","hot updated: /src/pages/AdminDashboard.tsx"],"stack":null}
[2026-05-21T23:20:58.723Z] {"timestamp":1779405629801,"level":"DEBUG","args":["[vite]","hot updated: /src/index.css"],"stack":null}
[2026-05-21T23:20:58.723Z] {"timestamp":1779405630546,"level":"DEBUG","args":["[vite]","hot updated: /src/pages/AdminDashboard.tsx"],"stack":null}
[2026-05-21T23:20:58.723Z] {"timestamp":1779405630546,"level":"DEBUG","args":["[vite]","hot updated: /src/index.css"],"stack":null}
[2026-05-21T23:20:58.723Z] {"timestamp":1779405630694,"level":"DEBUG","args":["[vite]","hot updated: /src/pages/AdminDashboard.tsx"],"stack":null}
[2026-05-21T23:20:58.723Z] {"timestamp":1779405630694,"level":"DEBUG","args":["[vite]","hot updated: /src/index.css"],"stack":null}
[2026-05-21T23:25:20.252Z] {"timestamp":1779405918041,"level":"LOG","args":["[vite] server connection lost. Polling for restart..."],"stack":null}
[2026-05-21T23:25:22.726Z] {"timestamp":1779405920682,"level":"DEBUG","args":["[Manus] Debug collector initialized (no rrweb, UI events only)"],"stack":null}
[2026-05-21T23:25:22.726Z] {"timestamp":1779405920690,"level":"DEBUG","args":["[vite] connected."],"stack":null}
[2026-05-21T23:25:22.726Z] {"timestamp":1779405921166,"level":"INFO","args":["%cDownload the React DevTools for a better development experience: https://react.dev/link/react-devtools","font-weight:bold"],"stack":null}
[2026-05-21T23:25:29.978Z] {"timestamp":1779405918040,"level":"LOG","args":["[vite] server connection lost. Polling for restart..."],"stack":null}
[2026-05-21T23:25:32.728Z] {"timestamp":1779405930113,"level":"DEBUG","args":["[Manus] Debug collector initialized (no rrweb, UI events only)"],"stack":null}
[2026-05-21T23:25:32.728Z] {"timestamp":1779405930117,"level":"DEBUG","args":["[vite] connected."],"stack":null}
[2026-05-21T23:25:32.728Z] {"timestamp":1779405930168,"level":"INFO","args":["%cDownload the React DevTools for a better development experience: https://react.dev/link/react-devtools","font-weight:bold"],"stack":null}
[2026-05-21T23:25:36.045Z] {"timestamp":1779405934040,"level":"DEBUG","args":["[Manus] Debug collector initialized (no rrweb, UI events only)"],"stack":null}
[2026-05-21T23:25:36.045Z] {"timestamp":1779405934046,"level":"DEBUG","args":["[vite] connected."],"stack":null}
[2026-05-21T23:25:36.045Z] {"timestamp":1779405934096,"level":"INFO","args":["%cDownload the React DevTools for a better development experience: https://react.dev/link/react-devtools","font-weight:bold"],"stack":null}
[2026-05-21T23:31:19.551Z] {"timestamp":1779406258941,"level":"DEBUG","args":["[vite]","hot updated: /src/index.css"],"stack":null}
[2026-05-21T23:31:19.551Z] {"timestamp":1779406258942,"level":"DEBUG","args":["[vite]","hot updated: /src/components/AdminUsersTab.tsx"],"stack":null}
[2026-05-21T23:31:19.551Z] {"timestamp":1779406259080,"level":"DEBUG","args":["[vite]","hot updated: /src/index.css"],"stack":null}
[2026-05-21T23:31:19.551Z] {"timestamp":1779406259080,"level":"DEBUG","args":["[vite]","hot updated: /src/components/AdminUsersTab.tsx"],"stack":null}
[2026-05-21T23:31:19.551Z] {"timestamp":1779406259262,"level":"DEBUG","args":["[vite]","hot updated: /src/index.css"],"stack":null}
[2026-05-21T23:31:19.551Z] {"timestamp":1779406259262,"level":"DEBUG","args":["[vite]","hot updated: /src/components/AdminUsersTab.tsx"],"stack":null}
[2026-05-21T23:31:19.551Z] {"timestamp":1779406277512,"level":"LOG","args":["[vite] server connection lost. Polling for restart..."],"stack":null}
[2026-05-21T23:31:19.563Z] {"timestamp":1779406258939,"level":"DEBUG","args":["[vite]","hot updated: /src/index.css"],"stack":null}
[2026-05-21T23:31:19.564Z] {"timestamp":1779406258939,"level":"DEBUG","args":["[vite]","hot updated: /src/components/AdminUsersTab.tsx"],"stack":null}
[2026-05-21T23:31:19.564Z] {"timestamp":1779406259079,"level":"DEBUG","args":["[vite]","hot updated: /src/index.css"],"stack":null}
[2026-05-21T23:31:19.564Z] {"timestamp":1779406259079,"level":"DEBUG","args":["[vite]","hot updated: /src/components/AdminUsersTab.tsx"],"stack":null}
[2026-05-21T23:31:19.564Z] {"timestamp":1779406259262,"level":"DEBUG","args":["[vite]","hot updated: /src/index.css"],"stack":null}
[2026-05-21T23:31:19.564Z] {"timestamp":1779406259263,"level":"DEBUG","args":["[vite]","hot updated: /src/components/AdminUsersTab.tsx"],"stack":null}
[2026-05-21T23:31:19.564Z] {"timestamp":1779406277513,"level":"LOG","args":["[vite] server connection lost. Polling for restart..."],"stack":null}
[2026-05-21T23:31:19.566Z] {"timestamp":1779406258951,"level":"DEBUG","args":["[vite]","hot updated: /src/index.css"],"stack":null}
[2026-05-21T23:31:19.566Z] {"timestamp":1779406258951,"level":"DEBUG","args":["[vite]","hot updated: /src/components/AdminUsersTab.tsx"],"stack":null}
[2026-05-21T23:31:19.566Z] {"timestamp":1779406259082,"level":"DEBUG","args":["[vite]","hot updated: /src/index.css"],"stack":null}
[2026-05-21T23:31:19.566Z] {"timestamp":1779406259082,"level":"DEBUG","args":["[vite]","hot updated: /src/components/AdminUsersTab.tsx"],"stack":null}
[2026-05-21T23:31:19.566Z] {"timestamp":1779406259262,"level":"DEBUG","args":["[vite]","hot updated: /src/index.css"],"stack":null}
[2026-05-21T23:31:19.566Z] {"timestamp":1779406259262,"level":"DEBUG","args":["[vite]","hot updated: /src/components/AdminUsersTab.tsx"],"stack":null}
[2026-05-21T23:31:19.566Z] {"timestamp":1779406277513,"level":"LOG","args":["[vite] server connection lost. Polling for restart..."],"stack":null}
[2026-05-21T23:31:22.726Z] {"timestamp":1779406279888,"level":"DEBUG","args":["[Manus] Debug collector initialized (no rrweb, UI events only)"],"stack":null}
[2026-05-21T23:31:22.726Z] {"timestamp":1779406279941,"level":"DEBUG","args":["[vite] connected."],"stack":null}
[2026-05-21T23:31:22.726Z] {"timestamp":1779406280469,"level":"INFO","args":["%cDownload the React DevTools for a better development experience: https://react.dev/link/react-devtools","font-weight:bold"],"stack":null}
[2026-05-21T23:31:22.727Z] {"timestamp":1779406279962,"level":"DEBUG","args":["[Manus] Debug collector initialized (no rrweb, UI events only)"],"stack":null}
[2026-05-21T23:31:22.727Z] {"timestamp":1779406280099,"level":"DEBUG","args":["[vite] connected."],"stack":null}
[2026-05-21T23:31:22.727Z] {"timestamp":1779406280471,"level":"INFO","args":["%cDownload the React DevTools for a better development experience: https://react.dev/link/react-devtools","font-weight:bold"],"stack":null}
[2026-05-21T23:31:22.729Z] {"timestamp":1779406279893,"level":"DEBUG","args":["[Manus] Debug collector initialized (no rrweb, UI events only)"],"stack":null}
[2026-05-21T23:31:22.729Z] {"timestamp":1779406279945,"level":"DEBUG","args":["[vite] connected."],"stack":null}
[2026-05-21T23:31:22.729Z] {"timestamp":1779406280465,"level":"INFO","args":["%cDownload the React DevTools for a better development experience: https://react.dev/link/react-devtools","font-weight:bold"],"stack":null}
[2026-05-21T23:31:44.210Z] {"timestamp":1779406302194,"level":"DEBUG","args":["[Manus] Debug collector initialized (no rrweb, UI events only)"],"stack":null}
[2026-05-21T23:31:44.210Z] {"timestamp":1779406302201,"level":"DEBUG","args":["[vite] connected."],"stack":null}
[2026-05-21T23:31:44.210Z] {"timestamp":1779406302244,"level":"INFO","args":["%cDownload the React DevTools for a better development experience: https://react.dev/link/react-devtools","font-weight:bold"],"stack":null}
[2026-05-21T23:32:06.005Z] {"timestamp":1779406323989,"level":"DEBUG","args":["[Manus] Debug collector initialized (no rrweb, UI events only)"],"stack":null}
[2026-05-21T23:32:06.005Z] {"timestamp":1779406324012,"level":"DEBUG","args":["[vite] connected."],"stack":null}
[2026-05-21T23:32:06.005Z] {"timestamp":1779406324060,"level":"INFO","args":["%cDownload the React DevTools for a better development experience: https://react.dev/link/react-devtools","font-weight:bold"],"stack":null}
[2026-05-21T23:32:24.579Z] {"timestamp":1779406342578,"level":"DEBUG","args":["[Manus] Debug collector initialized (no rrweb, UI events only)"],"stack":null}
[2026-05-21T23:32:24.579Z] {"timestamp":1779406342584,"level":"DEBUG","args":["[vite] connected."],"stack":null}
[2026-05-21T23:32:24.579Z] {"timestamp":1779406342630,"level":"INFO","args":["%cDownload the React DevTools for a better development experience: https://react.dev/link/react-devtools","font-weight:bold"],"stack":null}
[2026-05-21T23:36:51.517Z] {"timestamp":1779406601088,"level":"LOG","args":["[vite] server connection lost. Polling for restart..."],"stack":null}
[2026-05-21T23:36:53.883Z] {"timestamp":1779406611872,"level":"DEBUG","args":["[Manus] Debug collector initialized (no rrweb, UI events only)"],"stack":null}
[2026-05-21T23:36:53.883Z] {"timestamp":1779406611878,"level":"DEBUG","args":["[vite] connected."],"stack":null}
[2026-05-21T23:36:53.883Z] {"timestamp":1779406612371,"level":"INFO","args":["%cDownload the React DevTools for a better development experience: https://react.dev/link/react-devtools","font-weight:bold"],"stack":null}
[2026-05-21T23:36:55.677Z] {"timestamp":1779406601088,"level":"LOG","args":["[vite] server connection lost. Polling for restart..."],"stack":null}
[2026-05-21T23:36:57.252Z] {"timestamp":1779406601088,"level":"LOG","args":["[vite] server connection lost. Polling for restart..."],"stack":null}
[2026-05-21T23:36:58.729Z] {"timestamp":1779406615789,"level":"DEBUG","args":["[Manus] Debug collector initialized (no rrweb, UI events only)"],"stack":null}
[2026-05-21T23:36:58.729Z] {"timestamp":1779406615795,"level":"DEBUG","args":["[vite] connected."],"stack":null}
[2026-05-21T23:36:58.729Z] {"timestamp":1779406615843,"level":"INFO","args":["%cDownload the React DevTools for a better development experience: https://react.dev/link/react-devtools","font-weight:bold"],"stack":null}
[2026-05-21T23:36:58.974Z] {"timestamp":1779406617357,"level":"DEBUG","args":["[Manus] Debug collector initialized (no rrweb, UI events only)"],"stack":null}
[2026-05-21T23:36:58.974Z] {"timestamp":1779406617364,"level":"DEBUG","args":["[vite] connected."],"stack":null}
[2026-05-21T23:36:58.974Z] {"timestamp":1779406617412,"level":"INFO","args":["%cDownload the React DevTools for a better development experience: https://react.dev/link/react-devtools","font-weight:bold"],"stack":null}
[2026-05-21T23:37:01.026Z] {"timestamp":1779406619015,"level":"DEBUG","args":["[Manus] Debug collector initialized (no rrweb, UI events only)"],"stack":null}
[2026-05-21T23:37:01.026Z] {"timestamp":1779406619032,"level":"DEBUG","args":["[vite] connected."],"stack":null}
[2026-05-21T23:37:01.026Z] {"timestamp":1779406619072,"level":"INFO","args":["%cDownload the React DevTools for a better development experience: https://react.dev/link/react-devtools","font-weight:bold"],"stack":null}
[2026-05-21T23:41:58.736Z] {"timestamp":1779406874416,"level":"DEBUG","args":["[vite]","hot updated: /src/pages/AdminLogin.tsx"],"stack":null}
[2026-05-21T23:41:58.736Z] {"timestamp":1779406874416,"level":"DEBUG","args":["[vite]","hot updated: /src/index.css"],"stack":null}
[2026-05-21T23:41:58.738Z] {"timestamp":1779406874420,"level":"DEBUG","args":["[vite]","hot updated: /src/pages/AdminLogin.tsx"],"stack":null}
[2026-05-21T23:41:58.738Z] {"timestamp":1779406874420,"level":"DEBUG","args":["[vite]","hot updated: /src/index.css"],"stack":null}
[2026-05-21T23:43:38.228Z] {"timestamp":1779407016688,"level":"LOG","args":["[vite] server connection lost. Polling for restart..."],"stack":null}
[2026-05-21T23:43:38.242Z] {"timestamp":1779407016688,"level":"LOG","args":["[vite] server connection lost. Polling for restart..."],"stack":null}
[2026-05-21T23:43:40.733Z] {"timestamp":1779407018556,"level":"DEBUG","args":["[Manus] Debug collector initialized (no rrweb, UI events only)"],"stack":null}
[2026-05-21T23:43:40.734Z] {"timestamp":1779407018564,"level":"DEBUG","args":["[vite] connected."],"stack":null}
[2026-05-21T23:43:40.734Z] {"timestamp":1779407019070,"level":"INFO","args":["%cDownload the React DevTools for a better development experience: https://react.dev/link/react-devtools","font-weight:bold"],"stack":null}
[2026-05-21T23:43:40.735Z] {"timestamp":1779407018556,"level":"DEBUG","args":["[Manus] Debug collector initialized (no rrweb, UI events only)"],"stack":null}
[2026-05-21T23:43:40.735Z] {"timestamp":1779407018562,"level":"DEBUG","args":["[vite] connected."],"stack":null}
[2026-05-21T23:43:40.735Z] {"timestamp":1779407019073,"level":"INFO","args":["%cDownload the React DevTools for a better development experience: https://react.dev/link/react-devtools","font-weight:bold"],"stack":null}
[2026-05-21T23:43:51.324Z] {"timestamp":1779407029297,"level":"DEBUG","args":["[Manus] Debug collector initialized (no rrweb, UI events only)"],"stack":null}
[2026-05-21T23:43:51.324Z] {"timestamp":1779407029317,"level":"DEBUG","args":["[vite] connected."],"stack":null}
[2026-05-21T23:43:51.324Z] {"timestamp":1779407029356,"level":"INFO","args":["%cDownload the React DevTools for a better development experience: https://react.dev/link/react-devtools","font-weight:bold"],"stack":null}
[2026-05-21T23:43:56.020Z] {"timestamp":1779407034018,"level":"DEBUG","args":["[Manus] Debug collector initialized (no rrweb, UI events only)"],"stack":null}
[2026-05-21T23:43:56.020Z] {"timestamp":1779407034020,"level":"DEBUG","args":["[vite] connected."],"stack":null}
[2026-05-21T23:43:56.020Z] {"timestamp":1779407034066,"level":"INFO","args":["%cDownload the React DevTools for a better development experience: https://react.dev/link/react-devtools","font-weight:bold"],"stack":null}
[2026-05-21T23:46:42.985Z] {"timestamp":1779407201112,"level":"LOG","args":["[vite] server connection lost. Polling for restart..."],"stack":null}
[2026-05-21T23:46:42.991Z] {"timestamp":1779407201112,"level":"LOG","args":["[vite] server connection lost. Polling for restart..."],"stack":null}
[2026-05-21T23:46:45.718Z] {"timestamp":1779407203647,"level":"DEBUG","args":["[Manus] Debug collector initialized (no rrweb, UI events only)"],"stack":null}
[2026-05-21T23:46:45.718Z] {"timestamp":1779407203689,"level":"DEBUG","args":["[vite] connected."],"stack":null}
[2026-05-21T23:46:45.718Z] {"timestamp":1779407203939,"level":"INFO","args":["%cDownload the React DevTools for a better development experience: https://react.dev/link/react-devtools","font-weight:bold"],"stack":null}
[2026-05-21T23:46:45.719Z] {"timestamp":1779407203303,"level":"DEBUG","args":["[Manus] Debug collector initialized (no rrweb, UI events only)"],"stack":null}
[2026-05-21T23:46:45.719Z] {"timestamp":1779407203314,"level":"DEBUG","args":["[vite] connected."],"stack":null}
[2026-05-21T23:46:45.719Z] {"timestamp":1779407203974,"level":"INFO","args":["%cDownload the React DevTools for a better development experience: https://react.dev/link/react-devtools","font-weight:bold"],"stack":null}
[2026-05-22T00:45:14.727Z] {"timestamp":1779410712009,"level":"DEBUG","args":["[Manus] Debug collector initialized (no rrweb, UI events only)"],"stack":null}
[2026-05-22T00:45:14.727Z] {"timestamp":1779410712015,"level":"DEBUG","args":["[vite] connected."],"stack":null}
[2026-05-22T00:45:14.727Z] {"timestamp":1779410712260,"level":"INFO","args":["%cDownload the React DevTools for a better development experience: https://react.dev/link/react-devtools","font-weight:bold"],"stack":null}
[2026-05-22T00:45:18.730Z] {"timestamp":1779410715981,"level":"DEBUG","args":["[Manus] Debug collector initialized (no rrweb, UI events only)"],"stack":null}
[2026-05-22T00:45:18.730Z] {"timestamp":1779410716023,"level":"DEBUG","args":["[vite] connected."],"stack":null}
[2026-05-22T00:45:18.730Z] {"timestamp":1779410716127,"level":"INFO","args":["%cDownload the React DevTools for a better development experience: https://react.dev/link/react-devtools","font-weight:bold"],"stack":null}
[2026-05-22T23:05:06.228Z] {"timestamp":1779412740259,"level":"LOG","args":["[vite] server connection lost. Polling for restart..."],"stack":null}
[2026-05-22T23:06:51.586Z] {"timestamp":1779491209573,"level":"DEBUG","args":["[Manus] Debug collector initialized (no rrweb, UI events only)"],"stack":null}
[2026-05-22T23:06:51.586Z] {"timestamp":1779491209736,"level":"DEBUG","args":["[vite] connected."],"stack":null}
[2026-05-22T23:06:51.586Z] {"timestamp":1779491210364,"level":"INFO","args":["%cDownload the React DevTools for a better development experience: https://react.dev/link/react-devtools","font-weight:bold"],"stack":null}
